Build started 4/24/2017 11:13:03 AM.
     1>Project "C:\Users\am312792\Desktop\CPlusPlus\MadLibsFunction\MadLibsFunction\MadLibsFunction.vcxproj" on node 2 (Build target(s)).
     1>ClCompile:
         C:\Program Files (x86)\Microsoft Visual Studio 12.0\VC\bin\CL.exe /c /ZI /nologo /W3 /WX- /sdl /Od /Oy- /D WIN32 /D _DEBUG /D _WINDOWS /D _USRDLL /D MADLIBSFUNCTION_EXPORTS /D _WINDLL /D _UNICODE /D UNICODE /Gm /EHsc /RTC1 /MDd /GS /fp:precise /Zc:wchar_t /Zc:forScope /Fo"Debug\\" /Fd"Debug\vc120.pdb" /Gd /TP /analyze- /errorReport:prompt Source.cpp
         Source.cpp
     1>c:\users\am312792\desktop\cplusplus\madlibsfunction\madlibsfunction\source.cpp(12): error C2561: 'Color' : function must return a value
                 c:\users\am312792\desktop\cplusplus\madlibsfunction\madlibsfunction\source.cpp(7) : see declaration of 'Color'
     1>c:\users\am312792\desktop\cplusplus\madlibsfunction\madlibsfunction\source.cpp(20): error C2561: 'WordEst' : function must return a value
                 c:\users\am312792\desktop\cplusplus\madlibsfunction\madlibsfunction\source.cpp(15) : see declaration of 'WordEst'
     1>Done Building Project "C:\Users\am312792\Desktop\CPlusPlus\MadLibsFunction\MadLibsFunction\MadLibsFunction.vcxproj" (Build target(s)) -- FAILED.

Build FAILED.

Time Elapsed 00:00:00.26
