Build started 4/26/2017 10:18:16 AM.
     1>Project "C:\Users\am312792\Desktop\CPlusPlus\grossPayAmount\grossPayAmount\grossPayAmount.vcxproj" on node 2 (Build target(s)).
     1>ClCompile:
         C:\Program Files (x86)\Microsoft Visual Studio 12.0\VC\bin\CL.exe /c /ZI /nologo /W3 /WX- /sdl /Od /Oy- /D WIN32 /D _DEBUG /D _CONSOLE /D _LIB /D _UNICODE /D UNICODE /Gm /EHsc /RTC1 /MDd /GS /fp:precise /Zc:wchar_t /Zc:forScope /Fo"Debug\\" /Fd"Debug\vc120.pdb" /Gd /TP /analyze- /errorReport:prompt Source.cpp
         Source.cpp
     1>c:\users\am312792\desktop\cplusplus\grosspayamount\grosspayamount\source.cpp(21): warning C4244: 'return' : conversion from 'double' to 'int', possible loss of data
     1>c:\users\am312792\desktop\cplusplus\grosspayamount\grosspayamount\source.cpp(30): warning C4244: 'return' : conversion from 'double' to 'int', possible loss of data
     1>c:\users\am312792\desktop\cplusplus\grosspayamount\grosspayamount\source.cpp(29): error C4700: uninitialized local variable 'hoursWorked' used
     1>c:\users\am312792\desktop\cplusplus\grosspayamount\grosspayamount\source.cpp(29): error C4700: uninitialized local variable 'payRate' used
     1>Done Building Project "C:\Users\am312792\Desktop\CPlusPlus\grossPayAmount\grossPayAmount\grossPayAmount.vcxproj" (Build target(s)) -- FAILED.

Build FAILED.

Time Elapsed 00:00:00.53
